This is pdfTeXk, Version 3.141592-1.40.3 (Web2C 7.5.6) (format=pdflatex 2011.3.12)  10 OCT 2011 22:40
entering extended mode
 %&-line parsing enabled.
**tesi.tex
(./tesi.tex
LaTeX2e <2005/12/01>
Babel <v3.8h> and hyphenation patterns for english, usenglishmax, dumylang, noh
yphenation, arabic, basque, bulgarian, coptic, welsh, czech, slovak, german, ng
erman, danish, esperanto, spanish, catalan, galician, estonian, farsi, finnish,
 french, greek, monogreek, ancientgreek, croatian, hungarian, interlingua, ibyc
us, indonesian, icelandic, italian, latin, mongolian, dutch, norsk, polish, por
tuguese, pinyin, romanian, russian, slovenian, uppersorbian, serbian, swedish, 
turkish, ukenglish, ukrainian, loaded.
\@input{header.aux}
\openout2 = `header.aux'.

(./header.tex (/usr/share/texmf/tex/latex/base/book.cls
Document Class: book 2005/09/16 v1.4f Standard LaTeX document class
(/usr/share/texmf/tex/latex/base/bk10.clo
File: bk10.clo 2005/09/16 v1.4f Standard LaTeX file (size option)
)
\c@part=\count79
\c@chapter=\count80
\c@section=\count81
\c@subsection=\count82
\c@subsubsection=\count83
\c@paragraph=\count84
\c@subparagraph=\count85
\c@figure=\count86
\c@table=\count87
\abovecaptionskip=\skip41
\belowcaptionskip=\skip42
\bibindent=\dimen102
)
(/usr/share/texmf/tex/latex/base/inputenc.sty
Package: inputenc 2006/05/05 v1.1b Input encoding file
\inpenc@prehook=\toks14
\inpenc@posthook=\toks15

(/usr/share/texmf/tex/latex/ucs/utf8x.def
File: utf8x.def 2004/10/17 UCS: Input encoding UTF-8
))
(/usr/share/texmf/tex/latex/ucs/ucs.sty
Package: ucs 2004/10/17 UCS: Unicode input support

(/usr/share/texmf/tex/latex/ucs/data/uni-global.def
File: uni-global.def 2004/10/17 UCS: Unicode global data
)
\uc@secondtry=\count88
\uc@combtoks=\toks16
\uc@combtoksb=\toks17
\uc@temptokena=\toks18
)
(/usr/share/texmf/tex/generic/babel/babel.sty
Package: babel 2005/11/23 v3.8h The Babel package

(/usr/share/texmf/tex/generic/babel/italian.ldf
Language: italian 2005/11/17 v1.2r Italian support from the babel system

(/usr/share/texmf/tex/generic/babel/babel.def
File: babel.def 2005/11/23 v3.8h Babel common definitions
\babel@savecnt=\count89
\U@D=\dimen103
)
Package babel Info: Making " an active character on input line 91.
))
(/usr/share/texmf/tex/latex/amsmath/amsmath.sty
Package: amsmath 2000/07/18 v2.13 AMS math features
\@mathmargin=\skip43

For additional information on amsmath, use the `?' option.
(/usr/share/texmf/tex/latex/amsmath/amstext.sty
Package: amstext 2000/06/29 v2.01

(/usr/share/texmf/tex/latex/amsmath/amsgen.sty
File: amsgen.sty 1999/11/30 v2.0
\@emptytoks=\toks19
\ex@=\dimen104
))
(/usr/share/texmf/tex/latex/amsmath/amsbsy.sty
Package: amsbsy 1999/11/29 v1.2d
\pmbraise@=\dimen105
)
(/usr/share/texmf/tex/latex/amsmath/amsopn.sty
Package: amsopn 1999/12/14 v2.01 operator names
)
\inf@bad=\count90
LaTeX Info: Redefining \frac on input line 211.
\uproot@=\count91
\leftroot@=\count92
LaTeX Info: Redefining \overline on input line 307.
\classnum@=\count93
\DOTSCASE@=\count94
LaTeX Info: Redefining \ldots on input line 379.
LaTeX Info: Redefining \dots on input line 382.
LaTeX Info: Redefining \cdots on input line 467.
\Mathstrutbox@=\box26
\strutbox@=\box27
\big@size=\dimen106
LaTeX Font Info:    Redeclaring font encoding OML on input line 567.
LaTeX Font Info:    Redeclaring font encoding OMS on input line 568.
\macc@depth=\count95
\c@MaxMatrixCols=\count96
\dotsspace@=\muskip10
\c@parentequation=\count97
\dspbrk@lvl=\count98
\tag@help=\toks20
\row@=\count99
\column@=\count100
\maxfields@=\count101
\andhelp@=\toks21
\eqnshift@=\dimen107
\alignsep@=\dimen108
\tagshift@=\dimen109
\tagwidth@=\dimen110
\totwidth@=\dimen111
\lineht@=\dimen112
\@envbody=\toks22
\multlinegap=\skip44
\multlinetaggap=\skip45
\mathdisplay@stack=\toks23
LaTeX Info: Redefining \[ on input line 2666.
LaTeX Info: Redefining \] on input line 2667.
)
(/usr/share/texmf/tex/latex/amscls/amsthm.sty
Package: amsthm 2004/08/06 v2.20
\thm@style=\toks24
\thm@bodyfont=\toks25
\thm@headfont=\toks26
\thm@notefont=\toks27
\thm@headpunct=\toks28
\thm@preskip=\skip46
\thm@postskip=\skip47
\thm@headsep=\skip48
\dth@everypar=\toks29
)
(/usr/share/texmf/tex/latex/amsfonts/amssymb.sty
Package: amssymb 2002/01/22 v2.2d

(/usr/share/texmf/tex/latex/amsfonts/amsfonts.sty
Package: amsfonts 2001/10/25 v2.2f
\symAMSa=\mathgroup4
\symAMSb=\mathgroup5
LaTeX Font Info:    Overwriting math alphabet `\mathfrak' in version `bold'
(Font)                  U/euf/m/n --> U/euf/b/n on input line 132.
))
(/usr/share/texmf/tex/latex/graphics/graphicx.sty
Package: graphicx 1999/02/16 v1.0f Enhanced LaTeX Graphics (DPC,SPQR)

(/usr/share/texmf/tex/latex/graphics/keyval.sty
Package: keyval 1999/03/16 v1.13 key=value parser (DPC)
\KV@toks@=\toks30
)
(/usr/share/texmf/tex/latex/graphics/graphics.sty
Package: graphics 2006/02/20 v1.0o Standard LaTeX Graphics (DPC,SPQR)

(/usr/share/texmf/tex/latex/graphics/trig.sty
Package: trig 1999/03/16 v1.09 sin cos tan (DPC)
)
(/usr/share/texmf/tex/latex/config/graphics.cfg
File: graphics.cfg 2007/01/18 v1.5 graphics configuration of teTeX/TeXLive
)
Package graphics Info: Driver file: pdftex.def on input line 90.

(/usr/share/texmf/tex/latex/pdftex-def/pdftex.def
File: pdftex.def 2007/01/08 v0.04d Graphics/color for pdfTeX
\Gread@gobject=\count102
))
\Gin@req@height=\dimen113
\Gin@req@width=\dimen114
)
(/usr/share/texmf/tex/latex/subfigure/subfigure.sty
Package: subfigure 2002/03/15 v2.1.5 subfigure package
\subfigtopskip=\skip49
\subfigcapskip=\skip50
\subfigcaptopadj=\dimen115
\subfigbottomskip=\skip51
\subfigcapmargin=\dimen116
\subfiglabelskip=\skip52
\c@subfigure=\count103
\c@lofdepth=\count104
\c@subtable=\count105
\c@lotdepth=\count106

****************************************
* Local config file subfigure.cfg used *
****************************************
(/usr/share/texmf/tex/latex/subfigure/subfigure.cfg)
\subfig@top=\skip53
\subfig@bottom=\skip54
)
(/usr/share/texmf/tex/latex/listings/listings.sty
\lst@mode=\count107
\lst@gtempboxa=\box28
\lst@token=\toks31
\lst@length=\count108
\lst@currlwidth=\dimen117
\lst@column=\count109
\lst@pos=\count110
\lst@lostspace=\dimen118
\lst@width=\dimen119
\lst@newlines=\count111
\lst@lineno=\count112
\c@lstlisting=\count113
\lst@maxwidth=\dimen120

(/usr/share/texmf/tex/latex/listings/lstpatch.sty
File: lstpatch.sty 2004/10/17 1.3b (Carsten Heinz)
)
(/usr/share/texmf/tex/latex/listings/lstmisc.sty
File: lstmisc.sty 2004/09/07 1.3 (Carsten Heinz)
\c@lstnumber=\count114
\lst@skipnumbers=\count115
\lst@framebox=\box29
)
(/usr/share/texmf/tex/latex/listings/listings.cfg
File: listings.cfg 2004/09/05 1.3 listings configuration
))
Package: listings 2004/10/17 1.3b (Carsten Heinz)

(/usr/share/texmf/tex/latex/graphics/color.sty
Package: color 2005/11/14 v1.0j Standard LaTeX Color (DPC)

(/usr/share/texmf/tex/latex/config/color.cfg
File: color.cfg 2007/01/18 v1.5 color configuration of teTeX/TeXLive
)
Package color Info: Driver file: pdftex.def on input line 130.
)
(/usr/share/texmf/tex/latex/listings/lstlang1.sty
File: lstlang1.sty 2004/09/05 1.3 listings language file
)
(/usr/share/texmf/tex/latex/natbib/natbib.sty
Package: natbib 2007/02/05 8.0 (PWD)
\bibhang=\skip55
\bibsep=\skip56
LaTeX Info: Redefining \cite on input line 602.
\c@NAT@ctr=\count116
)
\c@defn=\count117
\c@thm=\count118
\c@lemma=\count119
\c@oss=\count120
\c@exm=\count121

(/usr/share/texmf/tex/latex/vmargin/vmargin.sty
Package: vmargin 2004/07/15 V2.5 set document margins (VK)

Package: vmargin 2004/07/15 V2.5 set document margins (VK)
\PaperWidth=\dimen121
\PaperHeight=\dimen122
)) (./tesi.aux (./frontespizio.aux) (./introduzione.aux) (./risoluzioneDDE.aux)
(./estensione_continua.aux) (./approccio_standard.aux)
(./implementazione_matlab.aux) (./conclusioni.aux) (./bibliografia.aux)
(./ringraziamenti.aux))
\openout1 = `tesi.aux'.

LaTeX Font Info:    Checking defaults for OML/cmm/m/it on input line 3.
LaTeX Font Info:    ... okay on input line 3.
LaTeX Font Info:    Checking defaults for T1/cmr/m/n on input line 3.
LaTeX Font Info:    ... okay on input line 3.
LaTeX Font Info:    Checking defaults for OT1/cmr/m/n on input line 3.
LaTeX Font Info:    ... okay on input line 3.
LaTeX Font Info:    Checking defaults for OMS/cmsy/m/n on input line 3.
LaTeX Font Info:    ... okay on input line 3.
LaTeX Font Info:    Checking defaults for OMX/cmex/m/n on input line 3.
LaTeX Font Info:    ... okay on input line 3.
LaTeX Font Info:    Checking defaults for U/cmr/m/n on input line 3.
LaTeX Font Info:    ... okay on input line 3.
LaTeX Font Info:    Checking defaults for LGR/cmr/m/n on input line 3.
LaTeX Font Info:    Try loading font information for LGR+cmr on input line 3.
 (/usr/share/texmf/tex/generic/babel/lgrcmr.fd
File: lgrcmr.fd 2001/01/30 v2.2e Greek Computer Modern
)
LaTeX Font Info:    ... okay on input line 3.

(/usr/share/texmf/tex/latex/ucs/ucsencs.def
File: ucsencs.def 2003/11/29 Fixes to fontencodings LGR, T3

fontencoding LGR patched
)
\openout2 = `frontespizio.aux'.

 (./frontespizio.tex
<immagini/cherubino.pdf, id=1, 288.07625pt x 294.09875pt>
File: immagini/cherubino.pdf Graphic file (type pdf)

<use immagini/cherubino.pdf> (/usr/share/texmf/tex/latex/ucs/data/uni-0.def
File: uni-0.def 2004/10/17 UCS: Unicode data U+0000..U+00FF
)
LaTeX Font Info:    Try loading font information for U+msa on input line 44.

(/usr/share/texmf/tex/latex/amsfonts/umsa.fd
File: umsa.fd 2002/01/19 v2.2g AMS font definitions
)
LaTeX Font Info:    Try loading font information for U+msb on input line 44.

(/usr/share/texmf/tex/latex/amsfonts/umsb.fd
File: umsb.fd 2002/01/19 v2.2g AMS font definitions
) [1





{/usr/share/texmf/fonts/map/pdftex/updmap/pdftex.map} <./immagini/cherubino.pdf
>])
Overfull \vbox (6.44444pt too high) has occurred while \output is active []


[2


] (./tesi.toc)
\tf@toc=\write3
\openout3 = `tesi.toc'.

 [1]
\openout2 = `introduzione.aux'.

 (./introduzione.tex
Overfull \vbox (6.83331pt too high) has occurred while \output is active []


[2


]
Capitolo 1.
LaTeX Font Info:    Try loading font information for OMS+cmr on input line 35.
(/usr/share/texmf/tex/latex/base/omscmr.fd
File: omscmr.fd 1999/05/25 v2.5h Standard LaTeX font definitions
)
LaTeX Font Info:    Font shape `OMS/cmr/m/n' in size <10> not available
(Font)              Font shape `OMS/cmsy/m/n' tried instead on input line 35.
 [3]
<immagini/immagine1.png, id=33, 1027.84pt x 576.554pt>
File: immagini/immagine1.png Graphic file (type png)

<use immagini/immagine1.png>
Overfull \hbox (27.81255pt too wide) in paragraph at lines 51--52
 [][] 
 []

<immagini/immagine2.png, id=34, 449.68pt x 337.26pt>
File: immagini/immagine2.png Graphic file (type png)

<use immagini/immagine2.png>
<immagini/immagine3.png, id=35, 449.68pt x 337.26pt>
File: immagini/immagine3.png Graphic file (type png)

<use immagini/immagine3.png>
<immagini/immagine4.png, id=36, 449.68pt x 337.26pt>
File: immagini/immagine4.png Graphic file (type png)

<use immagini/immagine4.png>
<immagini/immagine5.png, id=37, 449.68pt x 337.26pt>
File: immagini/immagine5.png Graphic file (type png)

<use immagini/immagine5.png>
Overfull \vbox (6.83331pt too high) has occurred while \output is active []


[4 <./immagini/immagine1.png (PNG copy)>])
Overfull \vbox (6.83331pt too high) has occurred while \output is active []


[5 <./immagini/immagine2.png (PNG copy)> <./immagini/immagine3.png (PNG copy)> 
<./immagini/immagine4.png (PNG copy)> <./immagini/immagine5.png (PNG copy)>]
\openout2 = `risoluzioneDDE.aux'.


(./risoluzioneDDE.tex
Overfull \vbox (6.83331pt too high) has occurred while \output is active []


[6



]
Capitolo 2.
[7]
Overfull \vbox (6.83331pt too high) has occurred while \output is active []


[8] <immagini/immagine6.png, id=56, 449.68pt x 337.26pt>
File: immagini/immagine6.png Graphic file (type png)

<use immagini/immagine6.png>
<immagini/immagine7.png, id=57, 449.68pt x 337.26pt>
File: immagini/immagine7.png Graphic file (type png)

<use immagini/immagine7.png>
<immagini/immagine8.png, id=58, 1027.84pt x 558.085pt>
File: immagini/immagine8.png Graphic file (type png)

<use immagini/immagine8.png>
<immagini/immagine9.png, id=59, 449.68pt x 337.26pt>
File: immagini/immagine9.png Graphic file (type png)

<use immagini/immagine9.png>

LaTeX Warning: `h' float specifier changed to `ht'.


Overfull \vbox (6.83331pt too high) has occurred while \output is active []


[9 <./immagini/immagine6.png (PNG copy)>]
Overfull \vbox (6.83331pt too high) has occurred while \output is active []


[10 <./immagini/immagine7.png (PNG copy)> <./immagini/immagine8.png (PNG copy)>
 <./immagini/immagine9.png (PNG copy)>])
Overfull \vbox (6.83331pt too high) has occurred while \output is active []


[11]
\openout2 = `estensione_continua.aux'.

 (./estensione_continua.tex
Overfull \vbox (6.83331pt too high) has occurred while \output is active []


[12



]
Capitolo 3.

Overfull \hbox (7.14127pt too wide) in paragraph at lines 13--15
[]\OT1/cmr/bx/n/10 Definizione 3.1 \OT1/cmr/m/n/10 (Me-to-di nu-me-ri-ci per IV
P)\OT1/cmr/bx/n/10 . []\OT1/cmr/m/n/10 Da-ta una sud-di-vi-sio-ne $^^A = []$
 []

[13]
Overfull \vbox (6.83331pt too high) has occurred while \output is active []


[14]
Overfull \vbox (6.44444pt too high) has occurred while \output is active []


[15]
Overfull \vbox (6.83331pt too high) has occurred while \output is active []


[16]
Overfull \vbox (6.83331pt too high) has occurred while \output is active []


[17]
Overfull \vbox (6.83331pt too high) has occurred while \output is active []


[18]
Overfull \vbox (6.83331pt too high) has occurred while \output is active []


[19]
Overfull \vbox (6.83331pt too high) has occurred while \output is active []


[20])
Overfull \vbox (6.83331pt too high) has occurred while \output is active []


[21]
\openout2 = `approccio_standard.aux'.

 (./approccio_standard.tex
Overfull \vbox (6.83331pt too high) has occurred while \output is active []


[22



]
Capitolo 4.
[23]
Overfull \vbox (6.83331pt too high) has occurred while \output is active []


[24]
Overfull \vbox (6.83331pt too high) has occurred while \output is active []


[25]
Overfull \vbox (6.83331pt too high) has occurred while \output is active []


[26]
Overfull \vbox (6.83331pt too high) has occurred while \output is active []


[27]
Overfull \vbox (6.83331pt too high) has occurred while \output is active []


[28])
Overfull \vbox (6.83331pt too high) has occurred while \output is active []


[29]
\openout2 = `implementazione_matlab.aux'.

 (./implementazione_matlab.tex
Overfull \vbox (6.83331pt too high) has occurred while \output is active []


[30



]
Capitolo 5.

Underfull \hbox (badness 10000) in paragraph at lines 50--52

 []

[31]
Overfull \vbox (6.83331pt too high) has occurred while \output is active []


[32]
Underfull \vbox (badness 10000) has occurred while \output is active []


Overfull \vbox (6.83331pt too high) has occurred while \output is active []


[33]
Overfull \vbox (6.83331pt too high) has occurred while \output is active []


[34]
Overfull \vbox (6.83331pt too high) has occurred while \output is active []


[35]
Overfull \vbox (6.83331pt too high) has occurred while \output is active []


[36] <immagini/immagine10.png, id=155, 1027.84pt x 558.085pt>
File: immagini/immagine10.png Graphic file (type png)

<use immagini/immagine10.png>
Underfull \vbox (badness 1496) has occurred while \output is active []


Overfull \vbox (6.83331pt too high) has occurred while \output is active []


[37]
Overfull \vbox (6.83331pt too high) has occurred while \output is active []


[38 <./immagini/immagine10.png (PNG copy)>]
<immagini/immagine11.png, id=162, 1027.84pt x 558.085pt>
File: immagini/immagine11.png Graphic file (type png)

<use immagini/immagine11.png>)
Overfull \vbox (6.83331pt too high) has occurred while \output is active []


[39 <./immagini/immagine11.png (PNG copy)>]
\openout2 = `conclusioni.aux'.

 (./conclusioni.tex
Overfull \vbox (6.83331pt too high) has occurred while \output is active []


[40



]) [41]
\openout2 = `bibliografia.aux'.

 (./bibliografia.tex
Overfull \vbox (6.83331pt too high) has occurred while \output is active []


[42



]) [43]
\openout2 = `ringraziamenti.aux'.

 (./ringraziamenti.tex
Overfull \vbox (6.83331pt too high) has occurred while \output is active []


[44



]
Underfull \hbox (badness 10000) in paragraph at lines 5--6

 []


Underfull \hbox (badness 10000) in paragraph at lines 7--10

 []


Underfull \hbox (badness 10000) in paragraph at lines 11--13

 []


Underfull \hbox (badness 10000) in paragraph at lines 14--16

 []

) [45] (./tesi.aux (./frontespizio.aux) (./introduzione.aux)
(./risoluzioneDDE.aux) (./estensione_continua.aux) (./approccio_standard.aux)
(./implementazione_matlab.aux) (./conclusioni.aux) (./bibliografia.aux)
(./ringraziamenti.aux)) ) 
Here is how much of TeX's memory you used:
 6031 strings out of 256216
 77597 string characters out of 1917072
 220698 words of memory out of 1500000
 9161 multiletter control sequences out of 10000+200000
 13732 words of font info for 52 fonts, out of 1200000 for 2000
 645 hyphenation exceptions out of 8191
 31i,14n,42p,348b,2312s stack positions out of 5000i,500n,6000p,200000b,15000s
</usr/share/texmf/fonts/type1/bluesky/cm/cmbx10.pfb></
usr/share/texmf/fonts/type1/bluesky/cm/cmbx12.pfb></usr/share/texmf/fonts/type1
/bluesky/cm/cmcsc10.pfb></usr/share/texmf/fonts/type1/bluesky/cm/cmex10.pfb></u
sr/share/texmf/fonts/type1/bluesky/cm/cmmi10.pfb></usr/share/texmf/fonts/type1/
bluesky/cm/cmmi5.pfb></usr/share/texmf/fonts/type1/bluesky/cm/cmmi7.pfb></usr/s
hare/texmf/fonts/type1/bluesky/cm/cmmi8.pfb></usr/share/texmf/fonts/type1/blues
ky/cm/cmr10.pfb></usr/share/texmf/fonts/type1/bluesky/cm/cmr12.pfb></usr/share/
texmf/fonts/type1/bluesky/cm/cmr5.pfb></usr/share/texmf/fonts/type1/bluesky/cm/
cmr7.pfb></usr/share/texmf/fonts/type1/bluesky/cm/cmr8.pfb></usr/share/texmf/fo
nts/type1/bluesky/cm/cmsl10.pfb></usr/share/texmf/fonts/type1/bluesky/cm/cmsy10
.pfb></usr/share/texmf/fonts/type1/bluesky/cm/cmsy5.pfb></usr/share/texmf/fonts
/type1/bluesky/cm/cmsy7.pfb></usr/share/texmf/fonts/type1/bluesky/cm/cmti10.pfb
></usr/share/texmf/fonts/type1/bluesky/cm/cmtt9.pfb></usr/share/texmf/fonts/typ
e1/bluesky/ams/msbm10.pfb>
Output written on tesi.pdf (47 pages, 336896 bytes).
PDF statistics:
 249 PDF objects out of 1000 (max. 8388607)
 0 named destinations out of 1000 (max. 131072)
 61 words of extra memory for PDF output out of 10000 (max. 10000000)

